../../Instances/berlin52_d20.tsp
../../Instances/berlin52_d20.tsp
../../Instances/berlin52_d20.tsp
../../Instances/berlin52_d20.tsp
../../Instances/berlin52_d20.tsp
---------------------------------------------
Instance	-> berlin52_d20
---------------------------------------------
Time limit	->3600
../../Instances/berlin52_d20.tsp
../../Instances/berlin52_d20.tsp
Hello world from processor mkl-GE60-2PE, rank 6 out of 7 processors
Hello world from processor mkl-GE60-2PE, rank 4 out of 7 processors
Hello world from processor mkl-GE60-2PE, rank 5 out of 7 processors
Hello world from processor mkl-GE60-2PE, rank 2 out of 7 processors
Hello world from processor mkl-GE60-2PE, rank 3 out of 7 processors
Hello world from processor mkl-GE60-2PE, rank 1 out of 7 processors
Node 0 from between 1 :
   id 0;
   level 0;
   branching node 999999999;
   ROOT node;
   status 0;
   dual bound 14441.6;
   primal bound 19076;
   left pointer 0;
   right pointer 0;
first branching node 699
Primal     17657   dual    14446.6
Primal     17657   dual    14447.5
Primal     17657   dual    14455.1
Primal     17657   dual    14464.2
Primal     17657   dual    14470.8
Primal     17657   dual    14470.9
Primal     17657   dual    14470.9
Primal     17657   dual    14470.9
Primal     17657   dual    14480.2
Primal     17563   dual    14480.2
Primal     17563   dual    14486.8
Primal     17563   dual    14486.8

Optimal Value	17563
LP	14486.8
Time	3738.92
Nodes	353
STATUS	107



52 & 20 & 353 & 353 & 176 & 177 & 0 & 17563 & 14486.8 & 3738.92 & 44.7005

